Fri Nov 24 15:25:40 IST 2017  [debug] AvalonLogSystem initialized using logfile 'velocity.log'
Fri Nov 24 15:25:40 IST 2017   [info] ************************************************************** 
Fri Nov 24 15:25:40 IST 2017   [info] Starting Jakarta Velocity v1.4
Fri Nov 24 15:25:40 IST 2017   [info] RuntimeInstance initializing.
Fri Nov 24 15:25:40 IST 2017   [info] Default Properties File: org\apache\velocity\runtime\defaults\velocity.properties
Fri Nov 24 15:25:40 IST 2017   [info] Trying to use logger class org.apache.velocity.runtime.log.AvalonLogSystem
Fri Nov 24 15:25:40 IST 2017   [info] Using logger class org.apache.velocity.runtime.log.AvalonLogSystem
Fri Nov 24 15:25:40 IST 2017   [info] Default ResourceManager initializing. (class org.apache.velocity.runtime.resource.ResourceManagerImpl)
Fri Nov 24 15:25:40 IST 2017   [info] Resource Loader Instantiated: org.apache.velocity.runtime.resource.loader.ClasspathResourceLoader
Fri Nov 24 15:25:40 IST 2017   [info] ClasspathResourceLoader : initialization starting.
Fri Nov 24 15:25:40 IST 2017   [info] ClasspathResourceLoader : initialization complete.
Fri Nov 24 15:25:40 IST 2017   [info] ResourceCache : initialized. (class org.apache.velocity.runtime.resource.ResourceCacheImpl)
Fri Nov 24 15:25:40 IST 2017   [info] Default ResourceManager initialization complete.
Fri Nov 24 15:25:40 IST 2017   [info] Loaded System Directive: org.apache.velocity.runtime.directive.Literal
Fri Nov 24 15:25:40 IST 2017   [info] Loaded System Directive: org.apache.velocity.runtime.directive.Macro
Fri Nov 24 15:25:40 IST 2017   [info] Loaded System Directive: org.apache.velocity.runtime.directive.Parse
Fri Nov 24 15:25:40 IST 2017   [info] Loaded System Directive: org.apache.velocity.runtime.directive.Include
Fri Nov 24 15:25:40 IST 2017   [info] Loaded System Directive: org.apache.velocity.runtime.directive.Foreach
Fri Nov 24 15:25:40 IST 2017   [info] Created: 20 parsers.
Fri Nov 24 15:25:40 IST 2017   [info] Velocimacro : initialization starting.
Fri Nov 24 15:25:40 IST 2017   [info] Velocimacro : adding VMs from VM library template : VM_global_library.vm
Fri Nov 24 15:25:40 IST 2017  [error] ResourceManager : unable to find resource 'VM_global_library.vm' in any resource loader.
Fri Nov 24 15:25:40 IST 2017   [info] Velocimacro : error using  VM library template VM_global_library.vm : org.apache.velocity.exception.ResourceNotFoundException: Unable to find resource 'VM_global_library.vm'
Fri Nov 24 15:25:40 IST 2017   [info] Velocimacro :  VM library template macro registration complete.
Fri Nov 24 15:25:40 IST 2017   [info] Velocimacro : allowInline = true : VMs can be defined inline in templates
Fri Nov 24 15:25:40 IST 2017   [info] Velocimacro : allowInlineToOverride = false : VMs defined inline may NOT replace previous VM definitions
Fri Nov 24 15:25:40 IST 2017   [info] Velocimacro : allowInlineLocal = false : VMs defined inline will be  global in scope if allowed.
Fri Nov 24 15:25:40 IST 2017   [info] Velocimacro : messages on  : VM system will output logging messages
Fri Nov 24 15:25:40 IST 2017   [info] Velocimacro : autoload off  : VM system will not automatically reload global library macros
Fri Nov 24 15:25:40 IST 2017   [info] Velocimacro : initialization complete.
Fri Nov 24 15:25:40 IST 2017   [info] Velocity successfully started.
Fri Nov 24 15:26:21 IST 2017   [info] ResourceManager : found org/uncommons/reportng/templates/html/index.html.vm with loader org.apache.velocity.runtime.resource.loader.ClasspathResourceLoader
Fri Nov 24 15:26:21 IST 2017   [info] ResourceManager : found org/uncommons/reportng/templates/html/overview.html.vm with loader org.apache.velocity.runtime.resource.loader.ClasspathResourceLoader
Fri Nov 24 15:26:21 IST 2017   [info] ResourceManager : found org/uncommons/reportng/templates/html/suites.html.vm with loader org.apache.velocity.runtime.resource.loader.ClasspathResourceLoader
Fri Nov 24 15:26:21 IST 2017   [info] ResourceManager : found org/uncommons/reportng/templates/html/groups.html.vm with loader org.apache.velocity.runtime.resource.loader.ClasspathResourceLoader
Fri Nov 24 15:26:21 IST 2017   [info] ResourceManager : found org/uncommons/reportng/templates/html/results.html.vm with loader org.apache.velocity.runtime.resource.loader.ClasspathResourceLoader
Fri Nov 24 15:26:21 IST 2017   [info] ResourceManager : found org/uncommons/reportng/templates/html/class-results.html.vm with loader org.apache.velocity.runtime.resource.loader.ClasspathResourceLoader
Fri Nov 24 15:26:21 IST 2017   [info] ResourceManager : found org/uncommons/reportng/templates/xml/results.xml.vm with loader org.apache.velocity.runtime.resource.loader.ClasspathResourceLoader
